2026-02-22 16:42:08,520 - [FILE ALERT] - AKSES TERDETEKSI: File 'daftar_gaji_2025.xlsx' telah diakses!
   [!] Waktu Metadata Lama : Sun Feb 22 16:09:42 2026
   [!] Waktu Akses Baru     : Sun Feb 22 16:42:06 2026
----------------------------------------------------
2026-02-22 16:42:08,521 - [FILE ALERT] - MODIFIKASI TERDETEKSI: Isi file 'daftar_gaji_2025.xlsx' telah diubah!
   [!] Waktu Modifikasi Baru: Sun Feb 22 16:42:06 2026
----------------------------------------------------
2026-02-22 16:42:08,521 - [FILE ALERT] - AKSES TERDETEKSI: File 'kredensial_database.txt' telah diakses!
   [!] Waktu Metadata Lama : Sun Feb 22 16:09:42 2026
   [!] Waktu Akses Baru     : Sun Feb 22 16:42:06 2026
----------------------------------------------------
2026-02-22 16:42:08,532 - [FILE ALERT] - MODIFIKASI TERDETEKSI: Isi file 'kredensial_database.txt' telah diubah!
   [!] Waktu Modifikasi Baru: Sun Feb 22 16:42:06 2026
----------------------------------------------------
2026-02-22 16:42:08,532 - [FILE ALERT] - AKSES TERDETEKSI: File 'rencana_akuisisi.docx' telah diakses!
   [!] Waktu Metadata Lama : Sun Feb 22 16:09:42 2026
   [!] Waktu Akses Baru     : Sun Feb 22 16:42:06 2026
----------------------------------------------------
2026-02-22 16:42:08,532 - [FILE ALERT] - MODIFIKASI TERDETEKSI: Isi file 'rencana_akuisisi.docx' telah diubah!
   [!] Waktu Modifikasi Baru: Sun Feb 22 16:42:06 2026
----------------------------------------------------
2026-02-22 16:42:08,533 - [FILE ALERT] - AKSES TERDETEKSI: File 'vpn_config.ovpn' telah diakses!
   [!] Waktu Metadata Lama : Sun Feb 22 16:09:42 2026
   [!] Waktu Akses Baru     : Sun Feb 22 16:42:06 2026
----------------------------------------------------
2026-02-22 16:42:08,533 - [FILE ALERT] - MODIFIKASI TERDETEKSI: Isi file 'vpn_config.ovpn' telah diubah!
   [!] Waktu Modifikasi Baru: Sun Feb 22 16:42:06 2026
----------------------------------------------------
2026-02-22 16:44:33,539 - [FILE ALERT] - AKSES TERDETEKSI: File 'kredensial_database.txt' telah diakses!
   [!] Waktu Metadata Lama : Sun Feb 22 16:42:06 2026
   [!] Waktu Akses Baru     : Sun Feb 22 16:44:33 2026
----------------------------------------------------
2026-02-22 16:44:35,386 - [FILE ALERT] - AKSES TERDETEKSI: File 'kredensial_database.txt' telah diakses!
   [!] Waktu Metadata Lama : Sun Feb 22 16:42:06 2026
   [!] Waktu Akses Baru     : Sun Feb 22 16:44:33 2026
----------------------------------------------------
2026-02-22 16:44:36,431 - [FILE ALERT] - Gagal mengirim Telegram: {"ok":false,"error_code":400,"description":"Bad Request: can't parse entities: Can't find end of the entity starting at byte offset 118"}
2026-02-22 16:52:06,456 - [FILE ALERT] - AKSES TERDETEKSI: File 'kredensial_database.txt' telah diakses!
   [!] Waktu Metadata Lama : Sun Feb 22 16:44:33 2026
   [!] Waktu Akses Baru     : Sun Feb 22 16:52:06 2026
----------------------------------------------------
2026-02-22 16:52:07,495 - [FILE ALERT] - Gagal mengirim Telegram: {"ok":false,"error_code":400,"description":"Bad Request: can't parse entities: Can't find end of the entity starting at byte offset 118"}
2026-02-22 16:52:08,564 - [FILE ALERT] - AKSES TERDETEKSI: File 'kredensial_database.txt' telah diakses!
   [!] Waktu Metadata Lama : Sun Feb 22 16:44:33 2026
   [!] Waktu Akses Baru     : Sun Feb 22 16:52:06 2026
----------------------------------------------------
2026-02-22 16:52:37,499 - [FILE ALERT] - AKSES TERDETEKSI: File 'kredensial_database.txt' telah diakses!
   [!] Waktu Metadata Lama : Sun Feb 22 16:52:06 2026
   [!] Waktu Akses Baru     : Sun Feb 22 16:52:36 2026
----------------------------------------------------
2026-02-22 16:52:38,517 - [FILE ALERT] - Gagal mengirim Telegram: {"ok":false,"error_code":400,"description":"Bad Request: can't parse entities: Can't find end of the entity starting at byte offset 118"}
2026-02-22 16:52:38,518 - [FILE ALERT] - MODIFIKASI TERDETEKSI: Isi file 'kredensial_database.txt' telah diubah!
   [!] Waktu Modifikasi Baru: Sun Feb 22 16:52:36 2026
----------------------------------------------------
2026-02-22 16:52:38,566 - [FILE ALERT] - AKSES TERDETEKSI: File 'kredensial_database.txt' telah diakses!
   [!] Waktu Metadata Lama : Sun Feb 22 16:52:06 2026
   [!] Waktu Akses Baru     : Sun Feb 22 16:52:38 2026
----------------------------------------------------
2026-02-22 16:52:38,566 - [FILE ALERT] - MODIFIKASI TERDETEKSI: Isi file 'kredensial_database.txt' telah diubah!
   [!] Waktu Modifikasi Baru: Sun Feb 22 16:52:38 2026
----------------------------------------------------
2026-02-22 16:52:39,449 - [FILE ALERT] - Gagal mengirim Telegram: {"ok":false,"error_code":400,"description":"Bad Request: can't parse entities: Can't find end of the entity starting at byte offset 127"}
2026-02-22 16:52:44,451 - [FILE ALERT] - AKSES TERDETEKSI: File 'kredensial_database.txt' telah diakses!
   [!] Waktu Metadata Lama : Sun Feb 22 16:52:36 2026
   [!] Waktu Akses Baru     : Sun Feb 22 16:52:38 2026
----------------------------------------------------
2026-02-22 16:52:45,529 - [FILE ALERT] - Gagal mengirim Telegram: {"ok":false,"error_code":400,"description":"Bad Request: can't parse entities: Can't find end of the entity starting at byte offset 118"}
2026-02-22 16:52:45,531 - [FILE ALERT] - MODIFIKASI TERDETEKSI: Isi file 'kredensial_database.txt' telah diubah!
   [!] Waktu Modifikasi Baru: Sun Feb 22 16:52:38 2026
----------------------------------------------------
2026-02-22 16:52:46,453 - [FILE ALERT] - Gagal mengirim Telegram: {"ok":false,"error_code":400,"description":"Bad Request: can't parse entities: Can't find end of the entity starting at byte offset 127"}
2026-02-22 16:52:56,455 - [FILE ALERT] - AKSES TERDETEKSI: File 'kredensial_database.txt' telah diakses!
   [!] Waktu Metadata Lama : Sun Feb 22 16:52:38 2026
   [!] Waktu Akses Baru     : Sun Feb 22 16:52:54 2026
----------------------------------------------------
2026-02-22 16:52:57,344 - [FILE ALERT] - Gagal mengirim Telegram: {"ok":false,"error_code":400,"description":"Bad Request: can't parse entities: Can't find end of the entity starting at byte offset 118"}
2026-02-22 16:52:57,346 - [FILE ALERT] - MODIFIKASI TERDETEKSI: Isi file 'kredensial_database.txt' telah diubah!
   [!] Waktu Modifikasi Baru: Sun Feb 22 16:52:54 2026
----------------------------------------------------
2026-02-22 16:52:58,336 - [FILE ALERT] - Gagal mengirim Telegram: {"ok":false,"error_code":400,"description":"Bad Request: can't parse entities: Can't find end of the entity starting at byte offset 127"}
2026-02-22 16:52:58,568 - [FILE ALERT] - AKSES TERDETEKSI: File 'kredensial_database.txt' telah diakses!
   [!] Waktu Metadata Lama : Sun Feb 22 16:52:38 2026
   [!] Waktu Akses Baru     : Sun Feb 22 16:52:54 2026
----------------------------------------------------
2026-02-22 16:52:58,568 - [FILE ALERT] - MODIFIKASI TERDETEKSI: Isi file 'kredensial_database.txt' telah diubah!
   [!] Waktu Modifikasi Baru: Sun Feb 22 16:52:54 2026
----------------------------------------------------
2026-02-22 16:56:08,580 - [FILE ALERT] - AKSES TERDETEKSI: File 'kredensial_database.txt' telah diakses!
   [!] Waktu Metadata Lama : Sun Feb 22 16:52:54 2026
   [!] Waktu Akses Baru     : Sun Feb 22 16:56:07 2026
----------------------------------------------------
2026-02-22 16:56:08,580 - [FILE ALERT] - MODIFIKASI TERDETEKSI: Isi file 'kredensial_database.txt' telah diubah!
   [!] Waktu Modifikasi Baru: Sun Feb 22 16:56:07 2026
----------------------------------------------------
2026-02-22 16:56:13,582 - [FILE ALERT] - AKSES TERDETEKSI: File 'kredensial_database.txt' telah diakses!
   [!] Waktu Metadata Lama : Sun Feb 22 16:56:07 2026
   [!] Waktu Akses Baru     : Sun Feb 22 16:56:12 2026
----------------------------------------------------
2026-02-22 16:56:13,582 - [FILE ALERT] - MODIFIKASI TERDETEKSI: Isi file 'kredensial_database.txt' telah diubah!
   [!] Waktu Modifikasi Baru: Sun Feb 22 16:56:12 2026
----------------------------------------------------
2026-02-22 16:56:18,583 - [FILE ALERT] - AKSES TERDETEKSI: File 'kredensial_database.txt' telah diakses!
   [!] Waktu Metadata Lama : Sun Feb 22 16:56:12 2026
   [!] Waktu Akses Baru     : Sun Feb 22 16:56:18 2026
----------------------------------------------------
2026-02-22 16:56:18,583 - [FILE ALERT] - MODIFIKASI TERDETEKSI: Isi file 'kredensial_database.txt' telah diubah!
   [!] Waktu Modifikasi Baru: Sun Feb 22 16:56:18 2026
----------------------------------------------------
2026-02-22 17:06:45,218 - [FILE ALERT] - AKTIVITAS TERDETEKSI: File 'kredensial_database.txt' telah diinteraksi (MODIFIKASI)!
2026-02-22 17:06:46,281 - [FILE ALERT] - Gagal mengirim Telegram: {"ok":false,"error_code":400,"description":"Bad Request: can't parse entities: Can't find end of the entity starting at byte offset 122"}
2026-02-22 17:10:15,827 - [FILE ALERT] - AKTIVITAS TERDETEKSI: File 'kredensial_database.txt' telah diinteraksi (MODIFIKASI)!
2026-02-22 17:10:15,827 - [FILE ALERT] - AKTIVITAS TERDETEKSI: File 'kredensial_database.txt' telah diinteraksi (MODIFIKASI)!
2026-02-22 17:10:16,847 - [FILE ALERT] - Gagal mengirim Telegram: {"ok":false,"error_code":400,"description":"Bad Request: can't parse entities: Can't find end of the entity starting at byte offset 122"}
2026-02-22 17:10:27,889 - [FILE ALERT] - AKTIVITAS TERDETEKSI: File 'kredensial_database.txt' telah diinteraksi (MODIFIKASI)!
2026-02-22 17:10:28,871 - [FILE ALERT] - Gagal mengirim Telegram: {"ok":false,"error_code":400,"description":"Bad Request: can't parse entities: Can't find end of the entity starting at byte offset 122"}
2026-02-22 17:10:37,839 - [FILE ALERT] - AKTIVITAS TERDETEKSI: File 'kredensial_database.txt' telah diinteraksi (MODIFIKASI)!
2026-02-22 17:10:38,856 - [FILE ALERT] - Gagal mengirim Telegram: {"ok":false,"error_code":400,"description":"Bad Request: can't parse entities: Can't find end of the entity starting at byte offset 122"}
2026-02-22 17:11:56,850 - [FILE ALERT] - AKTIVITAS TERDETEKSI: File 'kredensial_database.txt' telah diinteraksi (MODIFIKASI)!
2026-02-22 17:11:56,850 - [FILE ALERT] - AKTIVITAS TERDETEKSI: File 'kredensial_database.txt' telah diinteraksi (MODIFIKASI)!
2026-02-22 17:11:57,969 - [FILE ALERT] - Gagal mengirim Telegram: {"ok":false,"error_code":400,"description":"Bad Request: can't parse entities: Can't find end of the entity starting at byte offset 122"}
2026-02-22 17:12:14,120 - [FILE ALERT] - AKTIVITAS TERDETEKSI: File 'kredensial_database.txt' telah diinteraksi (MODIFIKASI)!
2026-02-22 17:12:14,120 - [FILE ALERT] - AKTIVITAS TERDETEKSI: File 'kredensial_database.txt' telah diinteraksi (MODIFIKASI)!
2026-02-22 17:12:15,203 - [FILE ALERT] - Gagal mengirim Telegram: {"ok":false,"error_code":400,"description":"Bad Request: can't parse entities: Can't find end of the entity starting at byte offset 122"}
2026-02-22 17:18:44,181 - [FILE ALERT] - AKTIVITAS TERDETEKSI: File 'kredensial_database.txt' telah diinteraksi (MODIFIKASI)!
2026-02-22 17:24:00,749 - [FILE ALERT] - AKTIVITAS TERDETEKSI: File 'kredensial_database.txt' telah diinteraksi (MODIFIKASI)!
2026-02-22 17:24:00,749 - [FILE ALERT] - AKTIVITAS TERDETEKSI: File 'kredensial_database.txt' telah diinteraksi (MODIFIKASI)!
2026-02-22 17:27:25,782 - [FILE ALERT] - AKTIVITAS TERDETEKSI: File 'kredensial_database.txt' telah diinteraksi (MODIFIKASI)!
2026-02-22 17:27:25,782 - [FILE ALERT] - AKTIVITAS TERDETEKSI: File 'kredensial_database.txt' telah diinteraksi (MODIFIKASI)!
